[06:39:08] install CNPG 1.29.2
namespace/cnpg-system serverside-applied
customresourcedefinition.apiextensions.k8s.io/backups.postgresql.cnpg.io serverside-applied
customresourcedefinition.apiextensions.k8s.io/clusterimagecatalogs.postgresql.cnpg.io serverside-applied
customresourcedefinition.apiextensions.k8s.io/clusters.postgresql.cnpg.io serverside-applied
customresourcedefinition.apiextensions.k8s.io/databases.postgresql.cnpg.io serverside-applied
customresourcedefinition.apiextensions.k8s.io/failoverquorums.postgresql.cnpg.io serverside-applied
customresourcedefinition.apiextensions.k8s.io/imagecatalogs.postgresql.cnpg.io serverside-applied
customresourcedefinition.apiextensions.k8s.io/poolers.postgresql.cnpg.io serverside-applied
customresourcedefinition.apiextensions.k8s.io/publications.postgresql.cnpg.io serverside-applied
customresourcedefinition.apiextensions.k8s.io/scheduledbackups.postgresql.cnpg.io serverside-applied
customresourcedefinition.apiextensions.k8s.io/subscriptions.postgresql.cnpg.io serverside-applied
serviceaccount/cnpg-manager serverside-applied
clusterrole.rbac.authorization.k8s.io/cnpg-database-editor-role serverside-applied
clusterrole.rbac.authorization.k8s.io/cnpg-database-viewer-role serverside-applied
clusterrole.rbac.authorization.k8s.io/cnpg-manager serverside-applied
clusterrole.rbac.authorization.k8s.io/cnpg-publication-editor-role serverside-applied
clusterrole.rbac.authorization.k8s.io/cnpg-publication-viewer-role serverside-applied
clusterrole.rbac.authorization.k8s.io/cnpg-subscription-editor-role serverside-applied
clusterrole.rbac.authorization.k8s.io/cnpg-subscription-viewer-role serverside-applied
clusterrolebinding.rbac.authorization.k8s.io/cnpg-manager-rolebinding serverside-applied
configmap/cnpg-default-monitoring serverside-applied
service/cnpg-webhook-service serverside-applied
deployment.apps/cnpg-controller-manager serverside-applied
mutatingwebhookconfiguration.admissionregistration.k8s.io/cnpg-mutating-webhook-configuration serverside-applied
validatingwebhookconfiguration.admissionregistration.k8s.io/cnpg-validating-webhook-configuration serverside-applied
Waiting for deployment "cnpg-controller-manager" rollout to finish: 0 of 1 updated replicas are available...
deployment "cnpg-controller-manager" successfully rolled out
[06:39:23] install cert-manager v1.20.3 and Barman Cloud plugin v0.13.0
namespace/cert-manager unchanged
customresourcedefinition.apiextensions.k8s.io/challenges.acme.cert-manager.io unchanged
customresourcedefinition.apiextensions.k8s.io/orders.acme.cert-manager.io unchanged
customresourcedefinition.apiextensions.k8s.io/certificaterequests.cert-manager.io unchanged
customresourcedefinition.apiextensions.k8s.io/certificates.cert-manager.io unchanged
customresourcedefinition.apiextensions.k8s.io/clusterissuers.cert-manager.io unchanged
customresourcedefinition.apiextensions.k8s.io/issuers.cert-manager.io unchanged
serviceaccount/cert-manager-cainjector unchanged
serviceaccount/cert-manager unchanged
serviceaccount/cert-manager-webhook unchanged
clusterrole.rbac.authorization.k8s.io/cert-manager-cainjector unchanged
clusterrole.rbac.authorization.k8s.io/cert-manager-controller-issuers unchanged
clusterrole.rbac.authorization.k8s.io/cert-manager-controller-clusterissuers unchanged
clusterrole.rbac.authorization.k8s.io/cert-manager-controller-certificates unchanged
clusterrole.rbac.authorization.k8s.io/cert-manager-controller-orders unchanged
clusterrole.rbac.authorization.k8s.io/cert-manager-controller-challenges unchanged
clusterrole.rbac.authorization.k8s.io/cert-manager-controller-ingress-shim unchanged
clusterrole.rbac.authorization.k8s.io/cert-manager-cluster-view unchanged
clusterrole.rbac.authorization.k8s.io/cert-manager-view unchanged
clusterrole.rbac.authorization.k8s.io/cert-manager-edit unchanged
clusterrole.rbac.authorization.k8s.io/cert-manager-controller-approve:cert-manager-io unchanged
clusterrole.rbac.authorization.k8s.io/cert-manager-controller-certificatesigningrequests unchanged
clusterrole.rbac.authorization.k8s.io/cert-manager-webhook:subjectaccessreviews unchanged
clusterrolebinding.rbac.authorization.k8s.io/cert-manager-cainjector unchanged
clusterrolebinding.rbac.authorization.k8s.io/cert-manager-controller-issuers unchanged
clusterrolebinding.rbac.authorization.k8s.io/cert-manager-controller-clusterissuers unchanged
clusterrolebinding.rbac.authorization.k8s.io/cert-manager-controller-certificates unchanged
clusterrolebinding.rbac.authorization.k8s.io/cert-manager-controller-orders unchanged
clusterrolebinding.rbac.authorization.k8s.io/cert-manager-controller-challenges unchanged
clusterrolebinding.rbac.authorization.k8s.io/cert-manager-controller-ingress-shim unchanged
clusterrolebinding.rbac.authorization.k8s.io/cert-manager-controller-approve:cert-manager-io unchanged
clusterrolebinding.rbac.authorization.k8s.io/cert-manager-controller-certificatesigningrequests unchanged
clusterrolebinding.rbac.authorization.k8s.io/cert-manager-webhook:subjectaccessreviews unchanged
role.rbac.authorization.k8s.io/cert-manager-cainjector:leaderelection unchanged
role.rbac.authorization.k8s.io/cert-manager:leaderelection unchanged
role.rbac.authorization.k8s.io/cert-manager-tokenrequest unchanged
role.rbac.authorization.k8s.io/cert-manager-webhook:dynamic-serving unchanged
rolebinding.rbac.authorization.k8s.io/cert-manager-cainjector:leaderelection unchanged
rolebinding.rbac.authorization.k8s.io/cert-manager:leaderelection unchanged
rolebinding.rbac.authorization.k8s.io/cert-manager-tokenrequest unchanged
rolebinding.rbac.authorization.k8s.io/cert-manager-webhook:dynamic-serving unchanged
service/cert-manager-cainjector unchanged
service/cert-manager unchanged
service/cert-manager-webhook unchanged
deployment.apps/cert-manager-cainjector unchanged
deployment.apps/cert-manager unchanged
deployment.apps/cert-manager-webhook unchanged
mutatingwebhookconfiguration.admissionregistration.k8s.io/cert-manager-webhook configured
validatingwebhookconfiguration.admissionregistration.k8s.io/cert-manager-webhook configured
deployment "cert-manager" successfully rolled out
deployment "cert-manager-webhook" successfully rolled out
deployment "cert-manager-cainjector" successfully rolled out
customresourcedefinition.apiextensions.k8s.io/objectstores.barmancloud.cnpg.io created
serviceaccount/plugin-barman-cloud created
role.rbac.authorization.k8s.io/barman-plugin-leader-election-role created
clusterrole.rbac.authorization.k8s.io/barman-plugin-metrics-auth-role created
clusterrole.rbac.authorization.k8s.io/barman-plugin-metrics-reader created
clusterrole.rbac.authorization.k8s.io/barman-plugin-objectstore-editor-role created
clusterrole.rbac.authorization.k8s.io/barman-plugin-objectstore-viewer-role created
clusterrole.rbac.authorization.k8s.io/plugin-barman-cloud created
rolebinding.rbac.authorization.k8s.io/barman-plugin-leader-election-rolebinding created
clusterrolebinding.rbac.authorization.k8s.io/barman-plugin-metrics-auth-rolebinding created
clusterrolebinding.rbac.authorization.k8s.io/plugin-barman-cloud-binding created
secret/plugin-barman-cloud-m5m67kfh8f created
service/barman-cloud created
deployment.apps/barman-cloud created
certificate.cert-manager.io/barman-cloud-client created
certificate.cert-manager.io/barman-cloud-server created
issuer.cert-manager.io/selfsigned-issuer created
Waiting for deployment "barman-cloud" rollout to finish: 0 of 1 updated replicas are available...
deployment "barman-cloud" successfully rolled out
[06:39:43] create storage classes, secret, object store, and one-instance cluster (intree)
volumesnapshotclass.snapshot.storage.k8s.io/azure-disk created
storageclass.storage.k8s.io/managed-premium-delete created
namespace/repro-bug created
secret/azure-creds created
objectstore.barmancloud.cnpg.io/pg-repro-store created
Warning: Native support for Barman Cloud backups and recovery is deprecated and will be completely removed in CloudNativePG 1.31.0. Found usage in: spec.backup.barmanObjectStore. Please migrate existing clusters to the new Barman Cloud Plugin to ensure a smooth transition.
cluster.postgresql.cnpg.io/pg-repro created
cluster.postgresql.cnpg.io/pg-repro condition met
[06:40:33] snapshot pg-repro-1
backup.postgresql.cnpg.io/pg-repro-v6-snap-20260706064033 created
[06:40:55] pgbench scale 28
dropping old tables...
NOTICE:  table "pgbench_accounts" does not exist, skipping
NOTICE:  table "pgbench_branches" does not exist, skipping
NOTICE:  table "pgbench_history" does not exist, skipping
NOTICE:  table "pgbench_tellers" does not exist, skipping
creating tables...
generating data (client-side)...
100000 of 2800000 tuples (3%) of pgbench_accounts done (elapsed 0.08 s, remaining 2.24 s)
200000 of 2800000 tuples (7%) of pgbench_accounts done (elapsed 0.18 s, remaining 2.39 s)
300000 of 2800000 tuples (10%) of pgbench_accounts done (elapsed 0.40 s, remaining 3.30 s)
400000 of 2800000 tuples (14%) of pgbench_accounts done (elapsed 0.60 s, remaining 3.61 s)
500000 of 2800000 tuples (17%) of pgbench_accounts done (elapsed 0.82 s, remaining 3.78 s)
600000 of 2800000 tuples (21%) of pgbench_accounts done (elapsed 0.96 s, remaining 3.52 s)
700000 of 2800000 tuples (25%) of pgbench_accounts done (elapsed 1.25 s, remaining 3.76 s)
800000 of 2800000 tuples (28%) of pgbench_accounts done (elapsed 1.55 s, remaining 3.87 s)
900000 of 2800000 tuples (32%) of pgbench_accounts done (elapsed 1.92 s, remaining 4.06 s)
1000000 of 2800000 tuples (35%) of pgbench_accounts done (elapsed 2.22 s, remaining 4.00 s)
1100000 of 2800000 tuples (39%) of pgbench_accounts done (elapsed 2.50 s, remaining 3.87 s)
1200000 of 2800000 tuples (42%) of pgbench_accounts done (elapsed 2.79 s, remaining 3.73 s)
1300000 of 2800000 tuples (46%) of pgbench_accounts done (elapsed 3.03 s, remaining 3.49 s)
1400000 of 2800000 tuples (50%) of pgbench_accounts done (elapsed 3.44 s, remaining 3.44 s)
1500000 of 2800000 tuples (53%) of pgbench_accounts done (elapsed 3.83 s, remaining 3.32 s)
1600000 of 2800000 tuples (57%) of pgbench_accounts done (elapsed 4.23 s, remaining 3.17 s)
1700000 of 2800000 tuples (60%) of pgbench_accounts done (elapsed 4.56 s, remaining 2.95 s)
1800000 of 2800000 tuples (64%) of pgbench_accounts done (elapsed 5.00 s, remaining 2.78 s)
1900000 of 2800000 tuples (67%) of pgbench_accounts done (elapsed 5.23 s, remaining 2.48 s)
2000000 of 2800000 tuples (71%) of pgbench_accounts done (elapsed 5.46 s, remaining 2.19 s)
2100000 of 2800000 tuples (75%) of pgbench_accounts done (elapsed 5.84 s, remaining 1.95 s)
2200000 of 2800000 tuples (78%) of pgbench_accounts done (elapsed 6.37 s, remaining 1.74 s)
2300000 of 2800000 tuples (82%) of pgbench_accounts done (elapsed 6.86 s, remaining 1.49 s)
2400000 of 2800000 tuples (85%) of pgbench_accounts done (elapsed 7.48 s, remaining 1.25 s)
2500000 of 2800000 tuples (89%) of pgbench_accounts done (elapsed 7.89 s, remaining 0.95 s)
2600000 of 2800000 tuples (92%) of pgbench_accounts done (elapsed 8.75 s, remaining 0.67 s)
2700000 of 2800000 tuples (96%) of pgbench_accounts done (elapsed 8.98 s, remaining 0.33 s)
2800000 of 2800000 tuples (100%) of pgbench_accounts done (elapsed 9.23 s, remaining 0.00 s)
vacuuming...
creating primary keys...
done in 13.30 s (drop tables 0.00 s, create tables 0.04 s, client-side generate 9.35 s, vacuum 0.90 s, primary keys 3.01 s).
[06:42:14] pause autovacuum worker
Warning: Native support for Barman Cloud backups and recovery is deprecated and will be completely removed in CloudNativePG 1.31.0. Found usage in: spec.backup.barmanObjectStore. Please migrate existing clusters to the new Barman Cloud Plugin to ensure a smooth transition.
cluster.postgresql.cnpg.io/pg-repro patched
[06:42:36] scale to 2 and promote snapshot replica
Warning: Native support for Barman Cloud backups and recovery is deprecated and will be completely removed in CloudNativePG 1.31.0. Found usage in: spec.backup.barmanObjectStore. Please migrate existing clusters to the new Barman Cloud Plugin to ensure a smooth transition.
cluster.postgresql.cnpg.io/pg-repro patched
0/64D9B0F8
{"level":"info","ts":"2026-07-06T06:43:30.971489933Z","msg":"Cluster has become unhealthy"}
Node pg-repro-2 in cluster pg-repro will be promoted
[06:43:30] wait redo done, release autovacuum, write on new primary
0/65002EF8
1
[06:44:58] scale to 3 and watch for incorrect prev-link
Warning: Native support for Barman Cloud backups and recovery is deprecated and will be completely removed in CloudNativePG 1.31.0. Found usage in: spec.backup.barmanObjectStore. Please migrate existing clusters to the new Barman Cloud Plugin to ensure a smooth transition.
cluster.postgresql.cnpg.io/pg-repro patched
[06:44:59] waiting for pg-repro-3 logs: error: error from server (NotFound): pods "pg-repro-3" not found in namespace "repro-bug"
[06:45:04] waiting for pg-repro-3 logs: error: error from server (NotFound): pods "pg-repro-3" not found in namespace "repro-bug"
[06:45:09] waiting for pg-repro-3 logs: error: error from server (NotFound): pods "pg-repro-3" not found in namespace "repro-bug"
[06:45:15] waiting for pg-repro-3 logs: error: error from server (NotFound): pods "pg-repro-3" not found in namespace "repro-bug"
[06:45:20] waiting for pg-repro-3 logs: error: error from server (NotFound): pods "pg-repro-3" not found in namespace "repro-bug"
[06:45:26] waiting for pg-repro-3 logs: error: error from server (NotFound): pods "pg-repro-3" not found in namespace "repro-bug"
[06:45:31] waiting for pg-repro-3 logs: error: error from server (NotFound): pods "pg-repro-3" not found in namespace "repro-bug"
[06:45:36] waiting for pg-repro-3 logs: error: error from server (NotFound): pods "pg-repro-3" not found in namespace "repro-bug"
[06:45:42] waiting for pg-repro-3 logs: error: error from server (NotFound): pods "pg-repro-3" not found in namespace "repro-bug"
[06:45:47] waiting for pg-repro-3 logs: error: error from server (NotFound): pods "pg-repro-3" not found in namespace "repro-bug"
[06:45:52] waiting for pg-repro-3 logs: error: error from server (NotFound): pods "pg-repro-3" not found in namespace "repro-bug"
[06:45:58] waiting for pg-repro-3 logs: error: error from server (NotFound): pods "pg-repro-3" not found in namespace "repro-bug"
[06:46:03] waiting for pg-repro-3 logs: error: error from server (NotFound): pods "pg-repro-3" not found in namespace "repro-bug"
[06:46:09] waiting for pg-repro-3 logs: error: error from server (NotFound): pods "pg-repro-3" not found in namespace "repro-bug"
[06:46:14] waiting for pg-repro-3 logs: error: error from server (NotFound): pods "pg-repro-3" not found in namespace "repro-bug"
[06:46:20] waiting for pg-repro-3 logs: error: error from server (NotFound): pods "pg-repro-3" not found in namespace "repro-bug"
[06:46:25] waiting for pg-repro-3 logs: error: error from server (NotFound): pods "pg-repro-3" not found in namespace "repro-bug"
[06:46:31] waiting for pg-repro-3 logs: error: error from server (NotFound): pods "pg-repro-3" not found in namespace "repro-bug"
[06:46:36] waiting for pg-repro-3 logs: error: error from server (NotFound): pods "pg-repro-3" not found in namespace "repro-bug"
{"level":"info","ts":"2026-07-06T06:48:44.772288247Z","logger":"postgres","msg":"record","logging_pod":"pg-repro-3","record":{"log_time":"2026-07-06 06:48:44.771 UTC","process_id":"29","session_id":"6a4b4f51.1d","session_line_num":"109","session_start_time":"2026-07-06 06:46:41 UTC","virtual_transaction_id":"165/0","transaction_id":"0","error_severity":"LOG","sql_state_code":"00000","message":"record with incorrect prev-link 0/65002EE0 at 0/66000028","backend_type":"startup","query_id":"0"}}
{"level":"info","ts":"2026-07-06T06:48:56.759294207Z","logger":"postgres","msg":"record","logging_pod":"pg-repro-3","record":{"log_time":"2026-07-06 06:48:56.759 UTC","process_id":"29","session_id":"6a4b4f51.1d","session_line_num":"110","session_start_time":"2026-07-06 06:46:41 UTC","virtual_transaction_id":"165/0","transaction_id":"0","error_severity":"LOG","sql_state_code":"00000","message":"record with incorrect prev-link 0/65002EE0 at 0/66000028","backend_type":"startup","query_id":"0"}}
{"level":"info","ts":"2026-07-06T06:48:56.765546266Z","logger":"postgres","msg":"record","logging_pod":"pg-repro-3","record":{"log_time":"2026-07-06 06:48:56.759 UTC","process_id":"29","session_id":"6a4b4f51.1d","session_line_num":"111","session_start_time":"2026-07-06 06:46:41 UTC","virtual_transaction_id":"165/0","transaction_id":"0","error_severity":"LOG","sql_state_code":"00000","message":"record with incorrect prev-link 0/65002EE0 at 0/66000028","backend_type":"startup","query_id":"0"}}
[06:48:59] reproduced on pg-repro-3
NAME                                  AGE     INSTANCES   READY   STATUS                     PRIMARY
cluster.postgresql.cnpg.io/pg-repro   9m14s   3           3       Cluster in healthy state   pg-repro-2

NAME             READY   STATUS    RESTARTS        AGE
pod/pg-repro-1   1/1     Running   1 (4m15s ago)   8m44s
pod/pg-repro-2   1/1     Running   0               5m51s
pod/pg-repro-3   1/1     Running   0               2m23s
