[06:28:07] install CNPG 1.29.2
namespace/cnpg-system serverside-applied
customresourcedefinition.apiextensions.k8s.io/backups.postgresql.cnpg.io serverside-applied
customresourcedefinition.apiextensions.k8s.io/clusterimagecatalogs.postgresql.cnpg.io serverside-applied
customresourcedefinition.apiextensions.k8s.io/clusters.postgresql.cnpg.io serverside-applied
customresourcedefinition.apiextensions.k8s.io/databases.postgresql.cnpg.io serverside-applied
customresourcedefinition.apiextensions.k8s.io/failoverquorums.postgresql.cnpg.io serverside-applied
customresourcedefinition.apiextensions.k8s.io/imagecatalogs.postgresql.cnpg.io serverside-applied
customresourcedefinition.apiextensions.k8s.io/poolers.postgresql.cnpg.io serverside-applied
customresourcedefinition.apiextensions.k8s.io/publications.postgresql.cnpg.io serverside-applied
customresourcedefinition.apiextensions.k8s.io/scheduledbackups.postgresql.cnpg.io serverside-applied
customresourcedefinition.apiextensions.k8s.io/subscriptions.postgresql.cnpg.io serverside-applied
serviceaccount/cnpg-manager serverside-applied
clusterrole.rbac.authorization.k8s.io/cnpg-database-editor-role serverside-applied
clusterrole.rbac.authorization.k8s.io/cnpg-database-viewer-role serverside-applied
clusterrole.rbac.authorization.k8s.io/cnpg-manager serverside-applied
clusterrole.rbac.authorization.k8s.io/cnpg-publication-editor-role serverside-applied
clusterrole.rbac.authorization.k8s.io/cnpg-publication-viewer-role serverside-applied
clusterrole.rbac.authorization.k8s.io/cnpg-subscription-editor-role serverside-applied
clusterrole.rbac.authorization.k8s.io/cnpg-subscription-viewer-role serverside-applied
clusterrolebinding.rbac.authorization.k8s.io/cnpg-manager-rolebinding serverside-applied
configmap/cnpg-default-monitoring serverside-applied
service/cnpg-webhook-service serverside-applied
deployment.apps/cnpg-controller-manager serverside-applied
mutatingwebhookconfiguration.admissionregistration.k8s.io/cnpg-mutating-webhook-configuration serverside-applied
validatingwebhookconfiguration.admissionregistration.k8s.io/cnpg-validating-webhook-configuration serverside-applied
Waiting for deployment "cnpg-controller-manager" rollout to finish: 0 of 1 updated replicas are available...
deployment "cnpg-controller-manager" successfully rolled out
[06:28:21] install cert-manager v1.20.3 and Barman Cloud plugin v0.13.0
namespace/cert-manager unchanged
customresourcedefinition.apiextensions.k8s.io/challenges.acme.cert-manager.io unchanged
customresourcedefinition.apiextensions.k8s.io/orders.acme.cert-manager.io unchanged
customresourcedefinition.apiextensions.k8s.io/certificaterequests.cert-manager.io unchanged
customresourcedefinition.apiextensions.k8s.io/certificates.cert-manager.io unchanged
customresourcedefinition.apiextensions.k8s.io/clusterissuers.cert-manager.io unchanged
customresourcedefinition.apiextensions.k8s.io/issuers.cert-manager.io unchanged
serviceaccount/cert-manager-cainjector unchanged
serviceaccount/cert-manager unchanged
serviceaccount/cert-manager-webhook unchanged
clusterrole.rbac.authorization.k8s.io/cert-manager-cainjector unchanged
clusterrole.rbac.authorization.k8s.io/cert-manager-controller-issuers unchanged
clusterrole.rbac.authorization.k8s.io/cert-manager-controller-clusterissuers unchanged
clusterrole.rbac.authorization.k8s.io/cert-manager-controller-certificates unchanged
clusterrole.rbac.authorization.k8s.io/cert-manager-controller-orders unchanged
clusterrole.rbac.authorization.k8s.io/cert-manager-controller-challenges unchanged
clusterrole.rbac.authorization.k8s.io/cert-manager-controller-ingress-shim unchanged
clusterrole.rbac.authorization.k8s.io/cert-manager-cluster-view unchanged
clusterrole.rbac.authorization.k8s.io/cert-manager-view unchanged
clusterrole.rbac.authorization.k8s.io/cert-manager-edit unchanged
clusterrole.rbac.authorization.k8s.io/cert-manager-controller-approve:cert-manager-io unchanged
clusterrole.rbac.authorization.k8s.io/cert-manager-controller-certificatesigningrequests unchanged
clusterrole.rbac.authorization.k8s.io/cert-manager-webhook:subjectaccessreviews unchanged
clusterrolebinding.rbac.authorization.k8s.io/cert-manager-cainjector unchanged
clusterrolebinding.rbac.authorization.k8s.io/cert-manager-controller-issuers unchanged
clusterrolebinding.rbac.authorization.k8s.io/cert-manager-controller-clusterissuers unchanged
clusterrolebinding.rbac.authorization.k8s.io/cert-manager-controller-certificates unchanged
clusterrolebinding.rbac.authorization.k8s.io/cert-manager-controller-orders unchanged
clusterrolebinding.rbac.authorization.k8s.io/cert-manager-controller-challenges unchanged
clusterrolebinding.rbac.authorization.k8s.io/cert-manager-controller-ingress-shim unchanged
clusterrolebinding.rbac.authorization.k8s.io/cert-manager-controller-approve:cert-manager-io unchanged
clusterrolebinding.rbac.authorization.k8s.io/cert-manager-controller-certificatesigningrequests unchanged
clusterrolebinding.rbac.authorization.k8s.io/cert-manager-webhook:subjectaccessreviews unchanged
role.rbac.authorization.k8s.io/cert-manager-cainjector:leaderelection unchanged
role.rbac.authorization.k8s.io/cert-manager:leaderelection unchanged
role.rbac.authorization.k8s.io/cert-manager-tokenrequest unchanged
role.rbac.authorization.k8s.io/cert-manager-webhook:dynamic-serving unchanged
rolebinding.rbac.authorization.k8s.io/cert-manager-cainjector:leaderelection unchanged
rolebinding.rbac.authorization.k8s.io/cert-manager:leaderelection unchanged
rolebinding.rbac.authorization.k8s.io/cert-manager-tokenrequest unchanged
rolebinding.rbac.authorization.k8s.io/cert-manager-webhook:dynamic-serving unchanged
service/cert-manager-cainjector unchanged
service/cert-manager unchanged
service/cert-manager-webhook unchanged
deployment.apps/cert-manager-cainjector unchanged
deployment.apps/cert-manager unchanged
deployment.apps/cert-manager-webhook unchanged
mutatingwebhookconfiguration.admissionregistration.k8s.io/cert-manager-webhook configured
validatingwebhookconfiguration.admissionregistration.k8s.io/cert-manager-webhook configured
deployment "cert-manager" successfully rolled out
deployment "cert-manager-webhook" successfully rolled out
deployment "cert-manager-cainjector" successfully rolled out
customresourcedefinition.apiextensions.k8s.io/objectstores.barmancloud.cnpg.io created
serviceaccount/plugin-barman-cloud created
role.rbac.authorization.k8s.io/barman-plugin-leader-election-role created
clusterrole.rbac.authorization.k8s.io/barman-plugin-metrics-auth-role created
clusterrole.rbac.authorization.k8s.io/barman-plugin-metrics-reader created
clusterrole.rbac.authorization.k8s.io/barman-plugin-objectstore-editor-role created
clusterrole.rbac.authorization.k8s.io/barman-plugin-objectstore-viewer-role created
clusterrole.rbac.authorization.k8s.io/plugin-barman-cloud created
rolebinding.rbac.authorization.k8s.io/barman-plugin-leader-election-rolebinding created
clusterrolebinding.rbac.authorization.k8s.io/barman-plugin-metrics-auth-rolebinding created
clusterrolebinding.rbac.authorization.k8s.io/plugin-barman-cloud-binding created
secret/plugin-barman-cloud-m5m67kfh8f created
service/barman-cloud created
deployment.apps/barman-cloud created
certificate.cert-manager.io/barman-cloud-client created
certificate.cert-manager.io/barman-cloud-server created
issuer.cert-manager.io/selfsigned-issuer created
Waiting for deployment "barman-cloud" rollout to finish: 0 of 1 updated replicas are available...
deployment "barman-cloud" successfully rolled out
[06:28:42] create storage classes, secret, object store, and one-instance cluster (plugin)
volumesnapshotclass.snapshot.storage.k8s.io/azure-disk created
storageclass.storage.k8s.io/managed-premium-delete created
namespace/repro-bug created
secret/azure-creds created
objectstore.barmancloud.cnpg.io/pg-repro-store created
cluster.postgresql.cnpg.io/pg-repro created
cluster.postgresql.cnpg.io/pg-repro condition met
[06:29:39] snapshot pg-repro-1
backup.postgresql.cnpg.io/pg-repro-v6-snap-20260706062939 created
[06:30:01] pgbench scale 28
dropping old tables...
NOTICE:  table "pgbench_accounts" does not exist, skipping
NOTICE:  table "pgbench_branches" does not exist, skipping
NOTICE:  table "pgbench_history" does not exist, skipping
NOTICE:  table "pgbench_tellers" does not exist, skipping
creating tables...
generating data (client-side)...
100000 of 2800000 tuples (3%) of pgbench_accounts done (elapsed 0.07 s, remaining 1.94 s)
200000 of 2800000 tuples (7%) of pgbench_accounts done (elapsed 0.18 s, remaining 2.31 s)
300000 of 2800000 tuples (10%) of pgbench_accounts done (elapsed 0.37 s, remaining 3.08 s)
400000 of 2800000 tuples (14%) of pgbench_accounts done (elapsed 0.59 s, remaining 3.53 s)
500000 of 2800000 tuples (17%) of pgbench_accounts done (elapsed 0.76 s, remaining 3.50 s)
600000 of 2800000 tuples (21%) of pgbench_accounts done (elapsed 0.95 s, remaining 3.49 s)
700000 of 2800000 tuples (25%) of pgbench_accounts done (elapsed 1.17 s, remaining 3.50 s)
800000 of 2800000 tuples (28%) of pgbench_accounts done (elapsed 1.36 s, remaining 3.39 s)
900000 of 2800000 tuples (32%) of pgbench_accounts done (elapsed 1.76 s, remaining 3.71 s)
1000000 of 2800000 tuples (35%) of pgbench_accounts done (elapsed 2.03 s, remaining 3.65 s)
1100000 of 2800000 tuples (39%) of pgbench_accounts done (elapsed 2.26 s, remaining 3.50 s)
1200000 of 2800000 tuples (42%) of pgbench_accounts done (elapsed 2.51 s, remaining 3.35 s)
1300000 of 2800000 tuples (46%) of pgbench_accounts done (elapsed 2.77 s, remaining 3.20 s)
1400000 of 2800000 tuples (50%) of pgbench_accounts done (elapsed 2.96 s, remaining 2.96 s)
1500000 of 2800000 tuples (53%) of pgbench_accounts done (elapsed 3.19 s, remaining 2.76 s)
1600000 of 2800000 tuples (57%) of pgbench_accounts done (elapsed 3.47 s, remaining 2.60 s)
1700000 of 2800000 tuples (60%) of pgbench_accounts done (elapsed 3.64 s, remaining 2.36 s)
1800000 of 2800000 tuples (64%) of pgbench_accounts done (elapsed 3.90 s, remaining 2.17 s)
1900000 of 2800000 tuples (67%) of pgbench_accounts done (elapsed 4.10 s, remaining 1.94 s)
2000000 of 2800000 tuples (71%) of pgbench_accounts done (elapsed 4.42 s, remaining 1.77 s)
2100000 of 2800000 tuples (75%) of pgbench_accounts done (elapsed 4.72 s, remaining 1.57 s)
2200000 of 2800000 tuples (78%) of pgbench_accounts done (elapsed 4.92 s, remaining 1.34 s)
2300000 of 2800000 tuples (82%) of pgbench_accounts done (elapsed 5.18 s, remaining 1.13 s)
2400000 of 2800000 tuples (85%) of pgbench_accounts done (elapsed 5.45 s, remaining 0.91 s)
2500000 of 2800000 tuples (89%) of pgbench_accounts done (elapsed 5.68 s, remaining 0.68 s)
2600000 of 2800000 tuples (92%) of pgbench_accounts done (elapsed 5.96 s, remaining 0.46 s)
2700000 of 2800000 tuples (96%) of pgbench_accounts done (elapsed 6.29 s, remaining 0.23 s)
2800000 of 2800000 tuples (100%) of pgbench_accounts done (elapsed 6.53 s, remaining 0.00 s)
vacuuming...
creating primary keys...
done in 10.10 s (drop tables 0.00 s, create tables 0.03 s, client-side generate 6.62 s, vacuum 0.52 s, primary keys 2.92 s).
[06:30:52] pause autovacuum worker
cluster.postgresql.cnpg.io/pg-repro patched
[06:31:14] scale to 2 and promote snapshot replica
cluster.postgresql.cnpg.io/pg-repro patched
0/6301D838
{"level":"info","ts":"2026-07-06T06:32:13.55030201Z","msg":"Cluster has become unhealthy"}
Node pg-repro-2 in cluster pg-repro will be promoted
[06:32:13] wait redo done, release autovacuum, write on new primary
0/64002EF8
1
[06:33:44] scale to 3 and watch for incorrect prev-link
cluster.postgresql.cnpg.io/pg-repro patched
[06:33:45] waiting for pg-repro-3 logs: error: error from server (NotFound): pods "pg-repro-3" not found in namespace "repro-bug"
[06:33:50] waiting for pg-repro-3 logs: error: error from server (NotFound): pods "pg-repro-3" not found in namespace "repro-bug"
[06:33:56] waiting for pg-repro-3 logs: error: error from server (NotFound): pods "pg-repro-3" not found in namespace "repro-bug"
[06:34:02] waiting for pg-repro-3 logs: error: error from server (NotFound): pods "pg-repro-3" not found in namespace "repro-bug"
[06:34:07] waiting for pg-repro-3 logs: error: error from server (NotFound): pods "pg-repro-3" not found in namespace "repro-bug"
[06:34:13] waiting for pg-repro-3 logs: error: error from server (NotFound): pods "pg-repro-3" not found in namespace "repro-bug"
[06:34:18] waiting for pg-repro-3 logs: error: error from server (NotFound): pods "pg-repro-3" not found in namespace "repro-bug"
[06:34:23] waiting for pg-repro-3 logs: error: error from server (NotFound): pods "pg-repro-3" not found in namespace "repro-bug"
[06:34:29] waiting for pg-repro-3 logs: error: error from server (NotFound): pods "pg-repro-3" not found in namespace "repro-bug"
[06:34:34] waiting for pg-repro-3 logs: error: error from server (NotFound): pods "pg-repro-3" not found in namespace "repro-bug"
[06:34:39] waiting for pg-repro-3 logs: error: error from server (NotFound): pods "pg-repro-3" not found in namespace "repro-bug"
[06:34:45] waiting for pg-repro-3 logs: error: error from server (NotFound): pods "pg-repro-3" not found in namespace "repro-bug"
[06:34:50] waiting for pg-repro-3 logs: error: error from server (NotFound): pods "pg-repro-3" not found in namespace "repro-bug"
[06:34:56] waiting for pg-repro-3 logs: error: error from server (NotFound): pods "pg-repro-3" not found in namespace "repro-bug"
[06:35:01] waiting for pg-repro-3 logs: error: error from server (NotFound): pods "pg-repro-3" not found in namespace "repro-bug"
[06:35:06] waiting for pg-repro-3 logs: error: error from server (NotFound): pods "pg-repro-3" not found in namespace "repro-bug"
[06:35:12] waiting for pg-repro-3 logs: error: error from server (NotFound): pods "pg-repro-3" not found in namespace "repro-bug"
[06:35:17] waiting for pg-repro-3 logs: Error from server (BadRequest): container "postgres" in pod "pg-repro-3" is waiting to start: PodInitializing
[06:35:23] waiting for pg-repro-3 logs: Error from server (BadRequest): container "postgres" in pod "pg-repro-3" is waiting to start: PodInitializing
[06:35:28] waiting for pg-repro-3 logs: Error from server (BadRequest): container "postgres" in pod "pg-repro-3" is waiting to start: PodInitializing
[06:35:33] waiting for pg-repro-3 logs: Error from server (BadRequest): container "postgres" in pod "pg-repro-3" is waiting to start: PodInitializing
[06:35:39] waiting for pg-repro-3 logs: Error from server (BadRequest): container "postgres" in pod "pg-repro-3" is waiting to start: PodInitializing
{"level":"info","ts":"2026-07-06T06:37:41.472579725Z","logger":"postgres","msg":"record","logging_pod":"pg-repro-3","record":{"log_time":"2026-07-06 06:37:41.472 UTC","process_id":"28","session_id":"6a4b4cbe.1c","session_line_num":"108","session_start_time":"2026-07-06 06:35:42 UTC","virtual_transaction_id":"164/0","transaction_id":"0","error_severity":"LOG","sql_state_code":"00000","message":"record with incorrect prev-link 0/64002EE0 at 0/65000028","backend_type":"startup","query_id":"0"}}
{"level":"info","ts":"2026-07-06T06:37:52.992672937Z","logger":"postgres","msg":"record","logging_pod":"pg-repro-3","record":{"log_time":"2026-07-06 06:37:52.991 UTC","process_id":"28","session_id":"6a4b4cbe.1c","session_line_num":"109","session_start_time":"2026-07-06 06:35:42 UTC","virtual_transaction_id":"164/0","transaction_id":"0","error_severity":"LOG","sql_state_code":"00000","message":"record with incorrect prev-link 0/64002EE0 at 0/65000028","backend_type":"startup","query_id":"0"}}
{"level":"info","ts":"2026-07-06T06:37:52.992903535Z","logger":"postgres","msg":"record","logging_pod":"pg-repro-3","record":{"log_time":"2026-07-06 06:37:52.991 UTC","process_id":"28","session_id":"6a4b4cbe.1c","session_line_num":"110","session_start_time":"2026-07-06 06:35:42 UTC","virtual_transaction_id":"164/0","transaction_id":"0","error_severity":"LOG","sql_state_code":"00000","message":"record with incorrect prev-link 0/64002EE0 at 0/65000028","backend_type":"startup","query_id":"0"}}
[06:37:55] reproduced on pg-repro-3
NAME                                  AGE     INSTANCES   READY   STATUS                     PRIMARY
cluster.postgresql.cnpg.io/pg-repro   9m11s   3           3       Cluster in healthy state   pg-repro-2

NAME             READY   STATUS    RESTARTS        AGE
pod/pg-repro-1   2/2     Running   1 (4m26s ago)   8m41s
pod/pg-repro-2   2/2     Running   0               6m11s
pod/pg-repro-3   2/2     Running   0               2m41s
